[33mWARNING[0m:  [14-09-2024 12:33:48] chroma_server_nofile is set to 65535, but this is less than current soft limit of 1048576. chroma_server_nofile will not be set.
[33mWARNING[0m:  [14-09-2024 12:35:43] chroma_server_nofile is set to 65535, but this is less than current soft limit of 1048576. chroma_server_nofile will not be set.
[32mINFO[0m:     [14-09-2024 12:35:44] Anonymized telemetry enabled. See                     https://docs.trychroma.com/telemetry for more information.
[36mDEBUG[0m:    [14-09-2024 12:35:44] Starting component System
[36mDEBUG[0m:    [14-09-2024 12:35:44] Starting component OpenTelemetryClient
[36mDEBUG[0m:    [14-09-2024 12:35:44] Starting component SqliteDB
[36mDEBUG[0m:    [14-09-2024 12:35:44] Starting component QuotaEnforcer
[36mDEBUG[0m:    [14-09-2024 12:35:44] Starting component Posthog
[36mDEBUG[0m:    [14-09-2024 12:35:44] Starting component LocalSegmentManager
[36mDEBUG[0m:    [14-09-2024 12:35:44] Starting component SegmentAPI
[32mINFO[0m:     [14-09-2024 12:35:44] Started server process [[36m634260[0m]
[32mINFO[0m:     [14-09-2024 12:35:44] Waiting for application startup.
[32mINFO[0m:     [14-09-2024 12:35:44] Application startup complete.
[32mINFO[0m:     [14-09-2024 12:35:44] Uvicorn running on [1mhttp://localhost:8000[0m (Press CTRL+C to quit)
[32mINFO[0m:     [14-09-2024 12:36:09] Shutting down
[32mINFO[0m:     [14-09-2024 12:36:09] Waiting for application shutdown.
[36mDEBUG[0m:    [14-09-2024 12:36:09] Stopping component System
[36mDEBUG[0m:    [14-09-2024 12:36:09] Stopping component SegmentAPI
[36mDEBUG[0m:    [14-09-2024 12:36:09] Stopping component LocalSegmentManager
[36mDEBUG[0m:    [14-09-2024 12:36:09] Stopping component Posthog
[36mDEBUG[0m:    [14-09-2024 12:36:09] Stopping component QuotaEnforcer
[36mDEBUG[0m:    [14-09-2024 12:36:09] Stopping component SqliteDB
[36mDEBUG[0m:    [14-09-2024 12:36:09] Stopping component OpenTelemetryClient
[32mINFO[0m:     [14-09-2024 12:36:09] Application shutdown complete.
[32mINFO[0m:     [14-09-2024 12:36:09] Finished server process [[36m634260[0m]
[33mWARNING[0m:  [14-09-2024 12:36:14] chroma_server_nofile is set to 65535, but this is less than current soft limit of 1048576. chroma_server_nofile will not be set.
[32mINFO[0m:     [14-09-2024 12:36:14] Anonymized telemetry enabled. See                     https://docs.trychroma.com/telemetry for more information.
[36mDEBUG[0m:    [14-09-2024 12:36:14] Starting component System
[36mDEBUG[0m:    [14-09-2024 12:36:14] Starting component OpenTelemetryClient
[36mDEBUG[0m:    [14-09-2024 12:36:14] Starting component SqliteDB
[36mDEBUG[0m:    [14-09-2024 12:36:14] Starting component QuotaEnforcer
[36mDEBUG[0m:    [14-09-2024 12:36:14] Starting component Posthog
[36mDEBUG[0m:    [14-09-2024 12:36:14] Starting component LocalSegmentManager
[36mDEBUG[0m:    [14-09-2024 12:36:14] Starting component SegmentAPI
[32mINFO[0m:     [14-09-2024 12:36:15] Started server process [[36m634319[0m]
[32mINFO[0m:     [14-09-2024 12:36:15] Waiting for application startup.
[32mINFO[0m:     [14-09-2024 12:36:15] Application startup complete.
[32mINFO[0m:     [14-09-2024 12:36:15] Uvicorn running on [1mhttp://localhost:8000[0m (Press CTRL+C to quit)
[32mINFO[0m:     [14-09-2024 13:49:11] 127.0.0.1:38304 - "POST /api/v1/collections?tenant=default_tenant&database=default_database HTTP/1.1" 200
[36mDEBUG[0m:    [14-09-2024 13:49:11] Starting component PersistentLocalHnswSegment
[32mINFO[0m:     [14-09-2024 13:49:11] 127.0.0.1:38312 - "POST /api/v1/collections/48fa353a-c9f2-4b91-8991-43f8ab55f4a4/upsert HTTP/1.1" 200
[32mINFO[0m:     [14-09-2024 14:44:35] Shutting down
[32mINFO[0m:     [14-09-2024 14:44:35] Waiting for application shutdown.
[36mDEBUG[0m:    [14-09-2024 14:44:35] Stopping component System
[36mDEBUG[0m:    [14-09-2024 14:44:35] Stopping component SegmentAPI
[36mDEBUG[0m:    [14-09-2024 14:44:35] Stopping component PersistentLocalHnswSegment
[36mDEBUG[0m:    [14-09-2024 14:44:35] Stopping component LocalSegmentManager
[36mDEBUG[0m:    [14-09-2024 14:44:35] Stopping component Posthog
[36mDEBUG[0m:    [14-09-2024 14:44:35] Stopping component QuotaEnforcer
[36mDEBUG[0m:    [14-09-2024 14:44:35] Stopping component SqliteDB
[36mDEBUG[0m:    [14-09-2024 14:44:35] Stopping component OpenTelemetryClient
[32mINFO[0m:     [14-09-2024 14:44:35] Application shutdown complete.
[32mINFO[0m:     [14-09-2024 14:44:35] Finished server process [[36m634319[0m]
[33mWARNING[0m:  [14-09-2024 18:04:04] chroma_server_nofile is set to 65535, but this is less than current soft limit of 1048575. chroma_server_nofile will not be set.
[32mINFO[0m:     [14-09-2024 18:04:05] Anonymized telemetry enabled. See                     https://docs.trychroma.com/telemetry for more information.
[36mDEBUG[0m:    [14-09-2024 18:04:05] Starting component System
[36mDEBUG[0m:    [14-09-2024 18:04:05] Starting component OpenTelemetryClient
[36mDEBUG[0m:    [14-09-2024 18:04:05] Starting component SqliteDB
[36mDEBUG[0m:    [14-09-2024 18:04:05] Starting component QuotaEnforcer
[36mDEBUG[0m:    [14-09-2024 18:04:05] Starting component Posthog
[36mDEBUG[0m:    [14-09-2024 18:04:05] Starting component LocalSegmentManager
[36mDEBUG[0m:    [14-09-2024 18:04:05] Starting component SegmentAPI
[32mINFO[0m:     [14-09-2024 18:04:05] Started server process [[36m48760[0m]
[32mINFO[0m:     [14-09-2024 18:04:05] Waiting for application startup.
[32mINFO[0m:     [14-09-2024 18:04:05] Application startup complete.
[32mINFO[0m:     [14-09-2024 18:04:05] Uvicorn running on [1mhttp://localhost:8000[0m (Press CTRL+C to quit)
[32mINFO[0m:     [14-09-2024 18:04:26] ::1:59865 - "POST /api/v1/collections?tenant=default_tenant&database=default_database HTTP/1.1" 200
[36mDEBUG[0m:    [14-09-2024 18:04:26] Starting component PersistentLocalHnswSegment
[32mINFO[0m:     [14-09-2024 18:04:26] ::1:59866 - "POST /api/v1/collections/dadb60ce-4da8-4d03-9f46-4b77690ce530/upsert HTTP/1.1" 200
